/home/vgl/miniconda3/envs/emirenv_samv2/lib/python3.11/site-packages/torchvision/models/_utils.py:208: UserWarning: The parameter 'pretrained' is deprecated since 0.13 and may be removed in the future, please use 'weights' instead.
  warnings.warn(
/home/vgl/miniconda3/envs/emirenv_samv2/lib/python3.11/site-packages/torchvision/models/_utils.py:223: UserWarning: Arguments other than a weight enum or `None` for 'weights' are deprecated since 0.13 and may be removed in the future. The current behavior is equivalent to passing `weights=ResNet18_Weights.IMAGENET1K_V1`. You can also use `weights=ResNet18_Weights.DEFAULT` to get the most up-to-date weights.
  warnings.warn(msg)
Files already downloaded and verified
Epoch: 1/200 [0/97] Loss: 1.975345 LR: 0.000008
Epoch 1/200, Average Loss: 1.1745
Saved checkpoint at epoch 1 with loss 1.1745
Epoch: 2/200 [0/97] Loss: 0.816191 LR: 0.000009
Epoch 2/200, Average Loss: 0.7211
Saved checkpoint at epoch 2 with loss 0.7211
Epoch: 3/200 [0/97] Loss: 0.653898 LR: 0.000013
Epoch 3/200, Average Loss: 0.6280
Saved checkpoint at epoch 3 with loss 0.6280
Epoch: 4/200 [0/97] Loss: 0.587194 LR: 0.000019
Epoch 4/200, Average Loss: 0.5721
Saved checkpoint at epoch 4 with loss 0.5721
Epoch: 5/200 [0/97] Loss: 0.543941 LR: 0.000026
Epoch 5/200, Average Loss: 0.5078
Saved checkpoint at epoch 5 with loss 0.5078
Epoch: 6/200 [0/97] Loss: 0.488228 LR: 0.000036
Epoch 6/200, Average Loss: 0.4518
Saved checkpoint at epoch 6 with loss 0.4518
Epoch: 7/200 [0/97] Loss: 0.455160 LR: 0.000048
Epoch 7/200, Average Loss: 0.4113
Saved checkpoint at epoch 7 with loss 0.4113
Epoch: 8/200 [0/97] Loss: 0.362610 LR: 0.000061
Epoch 8/200, Average Loss: 0.3822
Saved checkpoint at epoch 8 with loss 0.3822
Epoch: 9/200 [0/97] Loss: 0.364376 LR: 0.000075
Epoch 9/200, Average Loss: 0.3631
Saved checkpoint at epoch 9 with loss 0.3631
Epoch: 10/200 [0/97] Loss: 0.350061 LR: 0.000089
Epoch 10/200, Average Loss: 0.3481
Saved checkpoint at epoch 10 with loss 0.3481
Epoch: 11/200 [0/97] Loss: 0.311829 LR: 0.000104
Epoch 11/200, Average Loss: 0.3310
Saved checkpoint at epoch 11 with loss 0.3310
Epoch: 12/200 [0/97] Loss: 0.314713 LR: 0.000119
Epoch 12/200, Average Loss: 0.3191
Saved checkpoint at epoch 12 with loss 0.3191
Epoch: 13/200 [0/97] Loss: 0.322141 LR: 0.000134
Epoch 13/200, Average Loss: 0.3141
Saved checkpoint at epoch 13 with loss 0.3141
Epoch: 14/200 [0/97] Loss: 0.282407 LR: 0.000148
Epoch 14/200, Average Loss: 0.3020
Saved checkpoint at epoch 14 with loss 0.3020
Epoch: 15/200 [0/97] Loss: 0.336670 LR: 0.000161
Epoch 15/200, Average Loss: 0.2975
Saved checkpoint at epoch 15 with loss 0.2975
Epoch: 16/200 [0/97] Loss: 0.273280 LR: 0.000172
Epoch 16/200, Average Loss: 0.2916
Saved checkpoint at epoch 16 with loss 0.2916
Epoch: 17/200 [0/97] Loss: 0.285594 LR: 0.000182
Epoch 17/200, Average Loss: 0.2844
Saved checkpoint at epoch 17 with loss 0.2844
Epoch: 18/200 [0/97] Loss: 0.269315 LR: 0.000190
Epoch 18/200, Average Loss: 0.2803
Saved checkpoint at epoch 18 with loss 0.2803
Epoch: 19/200 [0/97] Loss: 0.277394 LR: 0.000195
Epoch 19/200, Average Loss: 0.2789
Saved checkpoint at epoch 19 with loss 0.2789
Epoch: 20/200 [0/97] Loss: 0.297871 LR: 0.000199
Epoch 20/200, Average Loss: 0.2761
Saved checkpoint at epoch 20 with loss 0.2761
Epoch: 21/200 [0/97] Loss: 0.277651 LR: 0.000200
Epoch 21/200, Average Loss: 0.2694
Saved checkpoint at epoch 21 with loss 0.2694
Epoch: 22/200 [0/97] Loss: 0.301784 LR: 0.000200
Epoch 22/200, Average Loss: 0.2703
Early stopping counter: 1/15
Epoch: 23/200 [0/97] Loss: 0.249054 LR: 0.000200
Epoch 23/200, Average Loss: 0.2654
Saved checkpoint at epoch 23 with loss 0.2654
Epoch: 24/200 [0/97] Loss: 0.235022 LR: 0.000200
Epoch 24/200, Average Loss: 0.2616
Saved checkpoint at epoch 24 with loss 0.2616
Epoch: 25/200 [0/97] Loss: 0.272138 LR: 0.000200
Epoch 25/200, Average Loss: 0.2610
Saved checkpoint at epoch 25 with loss 0.2610
Epoch: 26/200 [0/97] Loss: 0.270298 LR: 0.000200
Epoch 26/200, Average Loss: 0.2583
Saved checkpoint at epoch 26 with loss 0.2583
Epoch: 27/200 [0/97] Loss: 0.264092 LR: 0.000199
Epoch 27/200, Average Loss: 0.2538
Saved checkpoint at epoch 27 with loss 0.2538
Epoch: 28/200 [0/97] Loss: 0.258820 LR: 0.000199
Epoch 28/200, Average Loss: 0.2506
Saved checkpoint at epoch 28 with loss 0.2506
Epoch: 29/200 [0/97] Loss: 0.266034 LR: 0.000199
Epoch 29/200, Average Loss: 0.2517
Early stopping counter: 1/15
Epoch: 30/200 [0/97] Loss: 0.260285 LR: 0.000199
Epoch 30/200, Average Loss: 0.2487
Saved checkpoint at epoch 30 with loss 0.2487
Epoch: 31/200 [0/97] Loss: 0.256040 LR: 0.000198
Epoch 31/200, Average Loss: 0.2495
Early stopping counter: 1/15
Epoch: 32/200 [0/97] Loss: 0.211782 LR: 0.000198
Epoch 32/200, Average Loss: 0.2467
Saved checkpoint at epoch 32 with loss 0.2467
Epoch: 33/200 [0/97] Loss: 0.242750 LR: 0.000198
Epoch 33/200, Average Loss: 0.2465
Saved checkpoint at epoch 33 with loss 0.2465
Epoch: 34/200 [0/97] Loss: 0.233829 LR: 0.000197
Epoch 34/200, Average Loss: 0.2439
Saved checkpoint at epoch 34 with loss 0.2439
Epoch: 35/200 [0/97] Loss: 0.244065 LR: 0.000197
Epoch 35/200, Average Loss: 0.2449
Early stopping counter: 1/15
Epoch: 36/200 [0/97] Loss: 0.253864 LR: 0.000197
Epoch 36/200, Average Loss: 0.2424
Saved checkpoint at epoch 36 with loss 0.2424
Epoch: 37/200 [0/97] Loss: 0.230017 LR: 0.000196
Epoch 37/200, Average Loss: 0.2418
Saved checkpoint at epoch 37 with loss 0.2418
Epoch: 38/200 [0/97] Loss: 0.253550 LR: 0.000196
Epoch 38/200, Average Loss: 0.2387
Saved checkpoint at epoch 38 with loss 0.2387
Epoch: 39/200 [0/97] Loss: 0.236203 LR: 0.000195
Epoch 39/200, Average Loss: 0.2386
Saved checkpoint at epoch 39 with loss 0.2386
Epoch: 40/200 [0/97] Loss: 0.242322 LR: 0.000195
Epoch 40/200, Average Loss: 0.2378
Saved checkpoint at epoch 40 with loss 0.2378
Epoch: 41/200 [0/97] Loss: 0.214544 LR: 0.000194
Epoch 41/200, Average Loss: 0.2349
Saved checkpoint at epoch 41 with loss 0.2349
Epoch: 42/200 [0/97] Loss: 0.237178 LR: 0.000193
Epoch 42/200, Average Loss: 0.2360
Early stopping counter: 1/15
Epoch: 43/200 [0/97] Loss: 0.216309 LR: 0.000193
Epoch 43/200, Average Loss: 0.2314
Saved checkpoint at epoch 43 with loss 0.2314
Epoch: 44/200 [0/97] Loss: 0.237767 LR: 0.000192
Epoch 44/200, Average Loss: 0.2345
Early stopping counter: 1/15
Epoch: 45/200 [0/97] Loss: 0.247894 LR: 0.000191
Epoch 45/200, Average Loss: 0.2325
Early stopping counter: 2/15
Epoch: 46/200 [0/97] Loss: 0.249781 LR: 0.000191
Epoch 46/200, Average Loss: 0.2338
Early stopping counter: 3/15
Epoch: 47/200 [0/97] Loss: 0.224946 LR: 0.000190
Epoch 47/200, Average Loss: 0.2323
Early stopping counter: 4/15
Epoch: 48/200 [0/97] Loss: 0.229231 LR: 0.000189
Epoch 48/200, Average Loss: 0.2314
Saved checkpoint at epoch 48 with loss 0.2314
Epoch: 49/200 [0/97] Loss: 0.222922 LR: 0.000188
Epoch 49/200, Average Loss: 0.2299
Saved checkpoint at epoch 49 with loss 0.2299
Epoch: 50/200 [0/97] Loss: 0.232140 LR: 0.000187
Epoch 50/200, Average Loss: 0.2290
Saved checkpoint at epoch 50 with loss 0.2290
Epoch: 51/200 [0/97] Loss: 0.237534 LR: 0.000187
Epoch 51/200, Average Loss: 0.2271
Saved checkpoint at epoch 51 with loss 0.2271
Epoch: 52/200 [0/97] Loss: 0.230486 LR: 0.000186
Epoch 52/200, Average Loss: 0.2280
Early stopping counter: 1/15
Epoch: 53/200 [0/97] Loss: 0.218324 LR: 0.000185
Epoch 53/200, Average Loss: 0.2248
Saved checkpoint at epoch 53 with loss 0.2248
Epoch: 54/200 [0/97] Loss: 0.235854 LR: 0.000184
Epoch 54/200, Average Loss: 0.2251
Early stopping counter: 1/15
Epoch: 55/200 [0/97] Loss: 0.203117 LR: 0.000183
Epoch 55/200, Average Loss: 0.2246
Saved checkpoint at epoch 55 with loss 0.2246
Epoch: 56/200 [0/97] Loss: 0.243533 LR: 0.000182
Epoch 56/200, Average Loss: 0.2224
Saved checkpoint at epoch 56 with loss 0.2224
Epoch: 57/200 [0/97] Loss: 0.208749 LR: 0.000181
Epoch 57/200, Average Loss: 0.2238
Early stopping counter: 1/15
Epoch: 58/200 [0/97] Loss: 0.201917 LR: 0.000180
Epoch 58/200, Average Loss: 0.2223
Saved checkpoint at epoch 58 with loss 0.2223
Epoch: 59/200 [0/97] Loss: 0.233704 LR: 0.000179
Epoch 59/200, Average Loss: 0.2241
Early stopping counter: 1/15
Epoch: 60/200 [0/97] Loss: 0.230286 LR: 0.000178
Epoch 60/200, Average Loss: 0.2251
Early stopping counter: 2/15
Epoch: 61/200 [0/97] Loss: 0.223644 LR: 0.000177
Epoch 61/200, Average Loss: 0.2230
Early stopping counter: 3/15
Epoch: 62/200 [0/97] Loss: 0.218295 LR: 0.000175
Epoch 62/200, Average Loss: 0.2218
Saved checkpoint at epoch 62 with loss 0.2218
Epoch: 63/200 [0/97] Loss: 0.213172 LR: 0.000174
Epoch 63/200, Average Loss: 0.2236
Early stopping counter: 1/15
Epoch: 64/200 [0/97] Loss: 0.233161 LR: 0.000173
Epoch 64/200, Average Loss: 0.2239
Early stopping counter: 2/15
Epoch: 65/200 [0/97] Loss: 0.234676 LR: 0.000172
Epoch 65/200, Average Loss: 0.2249
Early stopping counter: 3/15
Epoch: 66/200 [0/97] Loss: 0.229875 LR: 0.000171
Epoch 66/200, Average Loss: 0.2219
Early stopping counter: 4/15
Epoch: 67/200 [0/97] Loss: 0.222301 LR: 0.000169
Epoch 67/200, Average Loss: 0.2217
Saved checkpoint at epoch 67 with loss 0.2217
Epoch: 68/200 [0/97] Loss: 0.218080 LR: 0.000168
Epoch 68/200, Average Loss: 0.2179
Saved checkpoint at epoch 68 with loss 0.2179
Epoch: 69/200 [0/97] Loss: 0.203706 LR: 0.000167
Epoch 69/200, Average Loss: 0.2207
Early stopping counter: 1/15
Epoch: 70/200 [0/97] Loss: 0.224580 LR: 0.000166
Epoch 70/200, Average Loss: 0.2196
Early stopping counter: 2/15
Epoch: 71/200 [0/97] Loss: 0.227281 LR: 0.000164
Epoch 71/200, Average Loss: 0.2206
Early stopping counter: 3/15
Epoch: 72/200 [0/97] Loss: 0.225380 LR: 0.000163
Epoch 72/200, Average Loss: 0.2197
Early stopping counter: 4/15
Epoch: 73/200 [0/97] Loss: 0.189490 LR: 0.000162
Epoch 73/200, Average Loss: 0.2186
Early stopping counter: 5/15
Epoch: 74/200 [0/97] Loss: 0.217942 LR: 0.000160
Epoch 74/200, Average Loss: 0.2193
Early stopping counter: 6/15
Epoch: 75/200 [0/97] Loss: 0.213917 LR: 0.000159
Epoch 75/200, Average Loss: 0.2184
Early stopping counter: 7/15
Epoch: 76/200 [0/97] Loss: 0.227774 LR: 0.000157
Epoch 76/200, Average Loss: 0.2166
Saved checkpoint at epoch 76 with loss 0.2166
Epoch: 77/200 [0/97] Loss: 0.215500 LR: 0.000156
Epoch 77/200, Average Loss: 0.2193
Early stopping counter: 1/15
Epoch: 78/200 [0/97] Loss: 0.207176 LR: 0.000154
Epoch 78/200, Average Loss: 0.2166
Saved checkpoint at epoch 78 with loss 0.2166
Epoch: 79/200 [0/97] Loss: 0.217396 LR: 0.000153
Epoch 79/200, Average Loss: 0.2161
Saved checkpoint at epoch 79 with loss 0.2161
Epoch: 80/200 [0/97] Loss: 0.213344 LR: 0.000151
Epoch 80/200, Average Loss: 0.2174
Early stopping counter: 1/15
Epoch: 81/200 [0/97] Loss: 0.214353 LR: 0.000150
Epoch 81/200, Average Loss: 0.2174
Early stopping counter: 2/15
Epoch: 82/200 [0/97] Loss: 0.225984 LR: 0.000148
Epoch 82/200, Average Loss: 0.2203
Early stopping counter: 3/15
Epoch: 83/200 [0/97] Loss: 0.221546 LR: 0.000147
Epoch 83/200, Average Loss: 0.2197
Early stopping counter: 4/15
Epoch: 84/200 [0/97] Loss: 0.225011 LR: 0.000145
Epoch 84/200, Average Loss: 0.2176
Early stopping counter: 5/15
Epoch: 85/200 [0/97] Loss: 0.224028 LR: 0.000144
Epoch 85/200, Average Loss: 0.2169
Early stopping counter: 6/15
Epoch: 86/200 [0/97] Loss: 0.234001 LR: 0.000142
Epoch 86/200, Average Loss: 0.2174
Early stopping counter: 7/15
Epoch: 87/200 [0/97] Loss: 0.217259 LR: 0.000141
Epoch 87/200, Average Loss: 0.2158
Saved checkpoint at epoch 87 with loss 0.2158
Epoch: 88/200 [0/97] Loss: 0.226758 LR: 0.000139
Epoch 88/200, Average Loss: 0.2179
Early stopping counter: 1/15
Epoch: 89/200 [0/97] Loss: 0.209590 LR: 0.000137
Epoch 89/200, Average Loss: 0.2161
Early stopping counter: 2/15
Epoch: 90/200 [0/97] Loss: 0.193348 LR: 0.000136
Epoch 90/200, Average Loss: 0.2165
Early stopping counter: 3/15
Epoch: 91/200 [0/97] Loss: 0.213191 LR: 0.000134
Epoch 91/200, Average Loss: 0.2186
Early stopping counter: 4/15
Epoch: 92/200 [0/97] Loss: 0.218920 LR: 0.000133
Epoch 92/200, Average Loss: 0.2163
Early stopping counter: 5/15
Epoch: 93/200 [0/97] Loss: 0.212027 LR: 0.000131
Epoch 93/200, Average Loss: 0.2170
Early stopping counter: 6/15
Epoch: 94/200 [0/97] Loss: 0.216202 LR: 0.000129
Epoch 94/200, Average Loss: 0.2155
Saved checkpoint at epoch 94 with loss 0.2155
Epoch: 95/200 [0/97] Loss: 0.232310 LR: 0.000128
Epoch 95/200, Average Loss: 0.2153
Saved checkpoint at epoch 95 with loss 0.2153
Epoch: 96/200 [0/97] Loss: 0.209037 LR: 0.000126
Epoch 96/200, Average Loss: 0.2156
Early stopping counter: 1/15
Epoch: 97/200 [0/97] Loss: 0.204003 LR: 0.000124
Epoch 97/200, Average Loss: 0.2148
Saved checkpoint at epoch 97 with loss 0.2148
Epoch: 98/200 [0/97] Loss: 0.202235 LR: 0.000122
Epoch 98/200, Average Loss: 0.2162
Early stopping counter: 1/15
Epoch: 99/200 [0/97] Loss: 0.212057 LR: 0.000121
Epoch 99/200, Average Loss: 0.2138
Saved checkpoint at epoch 99 with loss 0.2138
Epoch: 100/200 [0/97] Loss: 0.192919 LR: 0.000119
Epoch 100/200, Average Loss: 0.2144
Early stopping counter: 1/15
Epoch: 101/200 [0/97] Loss: 0.236530 LR: 0.000117
Epoch 101/200, Average Loss: 0.2133
Saved checkpoint at epoch 101 with loss 0.2133
Epoch: 102/200 [0/97] Loss: 0.209462 LR: 0.000116
Epoch 102/200, Average Loss: 0.2161
Early stopping counter: 1/15
Epoch: 103/200 [0/97] Loss: 0.208473 LR: 0.000114
Epoch 103/200, Average Loss: 0.2158
Early stopping counter: 2/15
Epoch: 104/200 [0/97] Loss: 0.217465 LR: 0.000112
Epoch 104/200, Average Loss: 0.2136
Early stopping counter: 3/15
Epoch: 105/200 [0/97] Loss: 0.206531 LR: 0.000110
Epoch 105/200, Average Loss: 0.2134
Early stopping counter: 4/15
Epoch: 106/200 [0/97] Loss: 0.199690 LR: 0.000109
Epoch 106/200, Average Loss: 0.2126
Saved checkpoint at epoch 106 with loss 0.2126
Epoch: 107/200 [0/97] Loss: 0.222991 LR: 0.000107
Epoch 107/200, Average Loss: 0.2169
Early stopping counter: 1/15
Epoch: 108/200 [0/97] Loss: 0.228734 LR: 0.000105
Epoch 108/200, Average Loss: 0.2135
Early stopping counter: 2/15
Epoch: 109/200 [0/97] Loss: 0.204936 LR: 0.000103
Epoch 109/200, Average Loss: 0.2130
Early stopping counter: 3/15
Epoch: 110/200 [0/97] Loss: 0.210540 LR: 0.000102
Epoch 110/200, Average Loss: 0.2139
Early stopping counter: 4/15
Epoch: 111/200 [0/97] Loss: 0.197005 LR: 0.000100
Epoch 111/200, Average Loss: 0.2139
Early stopping counter: 5/15
Epoch: 112/200 [0/97] Loss: 0.227527 LR: 0.000098
Epoch 112/200, Average Loss: 0.2129
Early stopping counter: 6/15
Epoch: 113/200 [0/97] Loss: 0.200645 LR: 0.000096
Epoch 113/200, Average Loss: 0.2122
Saved checkpoint at epoch 113 with loss 0.2122
Epoch: 114/200 [0/97] Loss: 0.223535 LR: 0.000095
Epoch 114/200, Average Loss: 0.2136
Early stopping counter: 1/15
Epoch: 115/200 [0/97] Loss: 0.208625 LR: 0.000093
Epoch 115/200, Average Loss: 0.2138
Early stopping counter: 2/15
Epoch: 116/200 [0/97] Loss: 0.198762 LR: 0.000091
Epoch 116/200, Average Loss: 0.2135
Early stopping counter: 3/15
Epoch: 117/200 [0/97] Loss: 0.208591 LR: 0.000090
Epoch 117/200, Average Loss: 0.2134
Early stopping counter: 4/15
Epoch: 118/200 [0/97] Loss: 0.211354 LR: 0.000088
Epoch 118/200, Average Loss: 0.2145
Early stopping counter: 5/15
Epoch: 119/200 [0/97] Loss: 0.222808 LR: 0.000086
Epoch 119/200, Average Loss: 0.2134
Early stopping counter: 6/15
Epoch: 120/200 [0/97] Loss: 0.218402 LR: 0.000084
Epoch 120/200, Average Loss: 0.2132
Early stopping counter: 7/15
Epoch: 121/200 [0/97] Loss: 0.190904 LR: 0.000083
Epoch 121/200, Average Loss: 0.2144
Early stopping counter: 8/15
Epoch: 122/200 [0/97] Loss: 0.225926 LR: 0.000081
Epoch 122/200, Average Loss: 0.2134
Early stopping counter: 9/15
Epoch: 123/200 [0/97] Loss: 0.191131 LR: 0.000079
Epoch 123/200, Average Loss: 0.2126
Early stopping counter: 10/15
Epoch: 124/200 [0/97] Loss: 0.205636 LR: 0.000077
Epoch 124/200, Average Loss: 0.2116
Saved checkpoint at epoch 124 with loss 0.2116
Epoch: 125/200 [0/97] Loss: 0.217129 LR: 0.000076
Epoch 125/200, Average Loss: 0.2104
Saved checkpoint at epoch 125 with loss 0.2104
Epoch: 126/200 [0/97] Loss: 0.207964 LR: 0.000074
Epoch 126/200, Average Loss: 0.2098
Saved checkpoint at epoch 126 with loss 0.2098
Epoch: 127/200 [0/97] Loss: 0.219629 LR: 0.000072
Epoch 127/200, Average Loss: 0.2122
Early stopping counter: 1/15
Epoch: 128/200 [0/97] Loss: 0.204701 LR: 0.000071
Epoch 128/200, Average Loss: 0.2115
Early stopping counter: 2/15
Epoch: 129/200 [0/97] Loss: 0.214381 LR: 0.000069
Epoch 129/200, Average Loss: 0.2118
Early stopping counter: 3/15
Epoch: 130/200 [0/97] Loss: 0.199424 LR: 0.000067
Epoch 130/200, Average Loss: 0.2104
Early stopping counter: 4/15
Epoch: 131/200 [0/97] Loss: 0.205406 LR: 0.000066
Epoch 131/200, Average Loss: 0.2104
Early stopping counter: 5/15
Epoch: 132/200 [0/97] Loss: 0.209328 LR: 0.000064
Epoch 132/200, Average Loss: 0.2095
Saved checkpoint at epoch 132 with loss 0.2095
Epoch: 133/200 [0/97] Loss: 0.207359 LR: 0.000063
Epoch 133/200, Average Loss: 0.2095
Saved checkpoint at epoch 133 with loss 0.2095
Epoch: 134/200 [0/97] Loss: 0.214998 LR: 0.000061
Epoch 134/200, Average Loss: 0.2092
Saved checkpoint at epoch 134 with loss 0.2092
Epoch: 135/200 [0/97] Loss: 0.198008 LR: 0.000059
Epoch 135/200, Average Loss: 0.2071
Saved checkpoint at epoch 135 with loss 0.2071
Epoch: 136/200 [0/97] Loss: 0.219223 LR: 0.000058
Epoch 136/200, Average Loss: 0.2093
Early stopping counter: 1/15
Epoch: 137/200 [0/97] Loss: 0.207540 LR: 0.000056
Epoch 137/200, Average Loss: 0.2107
Early stopping counter: 2/15
Epoch: 138/200 [0/97] Loss: 0.213477 LR: 0.000055
Epoch 138/200, Average Loss: 0.2098
Early stopping counter: 3/15
Epoch: 139/200 [0/97] Loss: 0.209503 LR: 0.000053
Epoch 139/200, Average Loss: 0.2091
Early stopping counter: 4/15
Epoch: 140/200 [0/97] Loss: 0.229181 LR: 0.000051
Epoch 140/200, Average Loss: 0.2106
Early stopping counter: 5/15
Epoch: 141/200 [0/97] Loss: 0.204686 LR: 0.000050
Epoch 141/200, Average Loss: 0.2081
Early stopping counter: 6/15
Epoch: 142/200 [0/97] Loss: 0.230066 LR: 0.000048
Epoch 142/200, Average Loss: 0.2094
Early stopping counter: 7/15
Epoch: 143/200 [0/97] Loss: 0.232324 LR: 0.000047
Epoch 143/200, Average Loss: 0.2097
Early stopping counter: 8/15
Epoch: 144/200 [0/97] Loss: 0.206071 LR: 0.000046
Epoch 144/200, Average Loss: 0.2093
Early stopping counter: 9/15
Epoch: 145/200 [0/97] Loss: 0.207610 LR: 0.000044
Epoch 145/200, Average Loss: 0.2111
Early stopping counter: 10/15
Epoch: 146/200 [0/97] Loss: 0.223493 LR: 0.000043
Epoch 146/200, Average Loss: 0.2072
Early stopping counter: 11/15
Epoch: 147/200 [0/97] Loss: 0.198071 LR: 0.000041
Epoch 147/200, Average Loss: 0.2096
Early stopping counter: 12/15
Epoch: 148/200 [0/97] Loss: 0.196015 LR: 0.000040
Epoch 148/200, Average Loss: 0.2094
Early stopping counter: 13/15
Epoch: 149/200 [0/97] Loss: 0.206658 LR: 0.000038
Epoch 149/200, Average Loss: 0.2096
Early stopping counter: 14/15
Epoch: 150/200 [0/97] Loss: 0.179598 LR: 0.000037
Epoch 150/200, Average Loss: 0.2070
Saved checkpoint at epoch 150 with loss 0.2070
Epoch: 151/200 [0/97] Loss: 0.212269 LR: 0.000036
Epoch 151/200, Average Loss: 0.2074
Early stopping counter: 1/15
Epoch: 152/200 [0/97] Loss: 0.198678 LR: 0.000034
Epoch 152/200, Average Loss: 0.2064
Saved checkpoint at epoch 152 with loss 0.2064
Epoch: 153/200 [0/97] Loss: 0.216558 LR: 0.000033
Epoch 153/200, Average Loss: 0.2080
Early stopping counter: 1/15
Epoch: 154/200 [0/97] Loss: 0.189660 LR: 0.000032
Epoch 154/200, Average Loss: 0.2067
Early stopping counter: 2/15
Epoch: 155/200 [0/97] Loss: 0.201614 LR: 0.000031
Epoch 155/200, Average Loss: 0.2082
Early stopping counter: 3/15
Epoch: 156/200 [0/97] Loss: 0.199412 LR: 0.000029
Epoch 156/200, Average Loss: 0.2086
Early stopping counter: 4/15
Epoch: 157/200 [0/97] Loss: 0.202351 LR: 0.000028
Epoch 157/200, Average Loss: 0.2075
Early stopping counter: 5/15
Epoch: 158/200 [0/97] Loss: 0.219149 LR: 0.000027
Epoch 158/200, Average Loss: 0.2076
Early stopping counter: 6/15
Epoch: 159/200 [0/97] Loss: 0.207394 LR: 0.000026
Epoch 159/200, Average Loss: 0.2079
Early stopping counter: 7/15
Epoch: 160/200 [0/97] Loss: 0.216130 LR: 0.000025
Epoch 160/200, Average Loss: 0.2064
Saved checkpoint at epoch 160 with loss 0.2064
Epoch: 161/200 [0/97] Loss: 0.217241 LR: 0.000023
Epoch 161/200, Average Loss: 0.2067
Early stopping counter: 1/15
Epoch: 162/200 [0/97] Loss: 0.216816 LR: 0.000022
Epoch 162/200, Average Loss: 0.2070
Early stopping counter: 2/15
Epoch: 163/200 [0/97] Loss: 0.218799 LR: 0.000021
Epoch 163/200, Average Loss: 0.2076
Early stopping counter: 3/15
Epoch: 164/200 [0/97] Loss: 0.225898 LR: 0.000020
Epoch 164/200, Average Loss: 0.2086
Early stopping counter: 4/15
Epoch: 165/200 [0/97] Loss: 0.222719 LR: 0.000019
Epoch 165/200, Average Loss: 0.2061
Saved checkpoint at epoch 165 with loss 0.2061
Epoch: 166/200 [0/97] Loss: 0.213495 LR: 0.000018
Epoch 166/200, Average Loss: 0.2076
Early stopping counter: 1/15
Epoch: 167/200 [0/97] Loss: 0.209579 LR: 0.000017
Epoch 167/200, Average Loss: 0.2063
Early stopping counter: 2/15
Epoch: 168/200 [0/97] Loss: 0.198249 LR: 0.000016
Epoch 168/200, Average Loss: 0.2069
Early stopping counter: 3/15
Epoch: 169/200 [0/97] Loss: 0.189951 LR: 0.000015
Epoch 169/200, Average Loss: 0.2057
Saved checkpoint at epoch 169 with loss 0.2057
Epoch: 170/200 [0/97] Loss: 0.212080 LR: 0.000014
Epoch 170/200, Average Loss: 0.2072
Early stopping counter: 1/15
Epoch: 171/200 [0/97] Loss: 0.241459 LR: 0.000013
Epoch 171/200, Average Loss: 0.2081
Early stopping counter: 2/15
Epoch: 172/200 [0/97] Loss: 0.215977 LR: 0.000013
Epoch 172/200, Average Loss: 0.2077
Early stopping counter: 3/15
Epoch: 173/200 [0/97] Loss: 0.206682 LR: 0.000012
Epoch 173/200, Average Loss: 0.2067
Early stopping counter: 4/15
Epoch: 174/200 [0/97] Loss: 0.197936 LR: 0.000011
Epoch 174/200, Average Loss: 0.2044
Saved checkpoint at epoch 174 with loss 0.2044
Epoch: 175/200 [0/97] Loss: 0.216863 LR: 0.000010
Epoch 175/200, Average Loss: 0.2064
Early stopping counter: 1/15
Epoch: 176/200 [0/97] Loss: 0.212228 LR: 0.000009
Epoch 176/200, Average Loss: 0.2067
Early stopping counter: 2/15
Epoch: 177/200 [0/97] Loss: 0.186004 LR: 0.000009
Epoch 177/200, Average Loss: 0.2075
Early stopping counter: 3/15
Epoch: 178/200 [0/97] Loss: 0.203807 LR: 0.000008
Epoch 178/200, Average Loss: 0.2049
Early stopping counter: 4/15
Epoch: 179/200 [0/97] Loss: 0.207300 LR: 0.000007
Epoch 179/200, Average Loss: 0.2062
Early stopping counter: 5/15
Epoch: 180/200 [0/97] Loss: 0.197289 LR: 0.000007
Epoch 180/200, Average Loss: 0.2058
Early stopping counter: 6/15
Epoch: 181/200 [0/97] Loss: 0.222073 LR: 0.000006
Epoch 181/200, Average Loss: 0.2057
Early stopping counter: 7/15
Epoch: 182/200 [0/97] Loss: 0.203846 LR: 0.000005
Epoch 182/200, Average Loss: 0.2057
Early stopping counter: 8/15
Epoch: 183/200 [0/97] Loss: 0.207088 LR: 0.000005
Epoch 183/200, Average Loss: 0.2052
Early stopping counter: 9/15
Epoch: 184/200 [0/97] Loss: 0.195329 LR: 0.000004
Epoch 184/200, Average Loss: 0.2051
Early stopping counter: 10/15
Epoch: 185/200 [0/97] Loss: 0.180608 LR: 0.000004
Epoch 185/200, Average Loss: 0.2057
Early stopping counter: 11/15
Epoch: 186/200 [0/97] Loss: 0.185389 LR: 0.000003
Epoch 186/200, Average Loss: 0.2050
Early stopping counter: 12/15
Epoch: 187/200 [0/97] Loss: 0.208944 LR: 0.000003
Epoch 187/200, Average Loss: 0.2054
Early stopping counter: 13/15
Epoch: 188/200 [0/97] Loss: 0.207325 LR: 0.000003
Epoch 188/200, Average Loss: 0.2047
Early stopping counter: 14/15
Epoch: 189/200 [0/97] Loss: 0.208101 LR: 0.000002
Epoch 189/200, Average Loss: 0.2062
Early stopping counter: 15/15
Early stopping triggered after 189 epochs
